Using pre-set license
Built from '2020.3/staging' branch; Version is '2020.3.16f1 (049d6eca3c44) revision 302446'; Using compiler version '192528614'; Build Type 'Release'
OS: 'Windows 10 Pro; OS build 22000.318; Version 2009; 64bit' Language: 'en' Physical Memory: 16297 MB
BatchMode: 1, IsHumanControllingUs: 0, StartBugReporterOnCrash: 0, Is64bit: 1, IsPro: 0

 COMMAND LINE ARGUMENTS:
D:\Data\Unity\Unity Hub\2020.3.16f1\Editor\Unity.exe
-adb2
-batchMode
-noUpm
-name
AssetImportWorker0
-projectPath
C:/Users/aries/Documents/GitHub/Dr.-Faben-s-Hospital-UAS
-logFile
Logs/AssetImportWorker0.log
-srvPort
52888
Successfully changed project path to: C:/Users/aries/Documents/GitHub/Dr.-Faben-s-Hospital-UAS
C:/Users/aries/Documents/GitHub/Dr.-Faben-s-Hospital-UAS
Using Asset Import Pipeline V2.
Refreshing native plugins compatible for Editor in 40.69 ms, found 2 plugins.
Preloading 0 native plugins for Editor in 0.00 ms.
Initialize engine version: 2020.3.16f1 (049d6eca3c44)
[Subsystems] Discovering subsystems at path D:/Data/Unity/Unity Hub/2020.3.16f1/Editor/Data/Resources/UnitySubsystems
[Subsystems] Discovering subsystems at path C:/Users/aries/Documents/GitHub/Dr.-Faben-s-Hospital-UAS/Assets
GfxDevice: creating device client; threaded=0
Direct3D:
    Version:  Direct3D 11.0 [level 11.1]
    Renderer: Radeon RX 570 Series (ID=0x67df)
    Vendor:   
    VRAM:     4075 MB
    Driver:   30.0.13017.5006
Initialize mono
Mono path[0] = 'D:/Data/Unity/Unity Hub/2020.3.16f1/Editor/Data/Managed'
Mono path[1] = 'D:/Data/Unity/Unity Hub/2020.3.16f1/Editor/Data/MonoBleedingEdge/lib/mono/unityjit'
Mono config path = 'D:/Data/Unity/Unity Hub/2020.3.16f1/Editor/Data/MonoBleedingEdge/etc'
Using monoOptions --debugger-agent=transport=dt_socket,embedding=1,server=y,suspend=n,address=127.0.0.1:56340
Begin MonoManager ReloadAssembly
Registering precompiled unity dll's ...
Register platform support module: D:/Data/Unity/Unity Hub/2020.3.16f1/Editor/Data/PlaybackEngines/WindowsStandaloneSupport/UnityEditor.WindowsStandalone.Extensions.dll
Registered in 0.000856 seconds.
Native extension for WindowsStandalone target not found
Refreshing native plugins compatible for Editor in 41.13 ms, found 2 plugins.
Preloading 0 native plugins for Editor in 0.00 ms.
Mono: successfully reloaded assembly
- Completed reload, in  0.760 seconds
Domain Reload Profiling:
	ReloadAssembly (760ms)
		BeginReloadAssembly (42ms)
			ExecutionOrderSort (0ms)
			DisableScriptedObjects (0ms)
			BackupInstance (0ms)
			ReleaseScriptingObjects (0ms)
			CreateAndSetChildDomain (1ms)
		EndReloadAssembly (344ms)
			LoadAssemblies (40ms)
			RebuildTransferFunctionScriptingTraits (0ms)
			SetupTypeCache (121ms)
			ReleaseScriptCaches (0ms)
			RebuildScriptCaches (28ms)
			SetupLoadedEditorAssemblies (145ms)
				LogAssemblyErrors (0ms)
				InitializePlatformSupportModulesInManaged (3ms)
				SetLoadedEditorAssemblies (0ms)
				RefreshPlugins (41ms)
				BeforeProcessingInitializeOnLoad (7ms)
				ProcessInitializeOnLoadAttributes (67ms)
				ProcessInitializeOnLoadMethodAttributes (25ms)
				AfterProcessingInitializeOnLoad (0ms)
				EditorAssembliesLoaded (0ms)
			ExecutionOrderSort2 (0ms)
			AwakeInstancesAfterBackupRestoration (0ms)
Platform modules already initialized, skipping
Registering precompiled user dll's ...
Registered in 0.002680 seconds.
Begin MonoManager ReloadAssembly
Native extension for WindowsStandalone target not found
Refreshing native plugins compatible for Editor in 0.53 ms, found 2 plugins.
Preloading 0 native plugins for Editor in 0.00 ms.
Mono: successfully reloaded assembly
- Completed reload, in  0.857 seconds
Domain Reload Profiling:
	ReloadAssembly (858ms)
		BeginReloadAssembly (118ms)
			ExecutionOrderSort (0ms)
			DisableScriptedObjects (4ms)
			BackupInstance (0ms)
			ReleaseScriptingObjects (0ms)
			CreateAndSetChildDomain (17ms)
		EndReloadAssembly (688ms)
			LoadAssemblies (66ms)
			RebuildTransferFunctionScriptingTraits (0ms)
			SetupTypeCache (215ms)
			ReleaseScriptCaches (0ms)
			RebuildScriptCaches (35ms)
			SetupLoadedEditorAssemblies (294ms)
				LogAssemblyErrors (0ms)
				InitializePlatformSupportModulesInManaged (4ms)
				SetLoadedEditorAssemblies (0ms)
				RefreshPlugins (1ms)
				BeforeProcessingInitializeOnLoad (41ms)
				ProcessInitializeOnLoadAttributes (243ms)
				ProcessInitializeOnLoadMethodAttributes (4ms)
				AfterProcessingInitializeOnLoad (2ms)
				EditorAssembliesLoaded (0ms)
			ExecutionOrderSort2 (0ms)
			AwakeInstancesAfterBackupRestoration (6ms)
Platform modules already initialized, skipping
========================================================================
Worker process is ready to serve import requests
Launched and connected shader compiler UnityShaderCompiler.exe after 0.06 seconds
Refreshing native plugins compatible for Editor in 0.63 ms, found 2 plugins.
Preloading 0 native plugins for Editor in 0.00 ms.
Unloading 1406 Unused Serialized files (Serialized files now loaded: 0)
System memory in use before: 67.7 MB.
System memory in use after: 67.8 MB.

Unloading 18 unused Assets to reduce memory usage. Loaded Objects now: 1842.
Total: 2.785100 ms (FindLiveObjects: 0.159700 ms CreateObjectMapping: 0.032300 ms MarkObjects: 2.524100 ms  DeleteObjects: 0.067900 ms)

AssetImportParameters requested are different than current active one (requested -> active):
  custom:framework-win-MediaFoundation: 216162199b28c13a410421893ffa2e32 -> 
  custom:video-decoder-ogg-theora: a1e56fd34408186e4bbccfd4996cb3dc -> 
  custom:container-muxer-webm: aa71ff27fc2769a1b78a27578f13a17b -> 
  custom:container-demuxer-webm: 4f35f7cbe854078d1ac9338744f61a02 -> 
  custom:container-demuxer-ogg: 62fdf1f143b41e24485cea50d1cbac27 -> 
  custom:video-encoder-webm-vp8: eb34c28f22e8b96e1ab97ce403110664 -> 
  custom:video-decoder-webm-vp8: 9c59270c3fd7afecdb556c50c9e8de78 -> 
  custom:audio-decoder-ogg-vorbis: bf7c407c2cedff20999df2af8eb42d56 -> 
  custom:audio-encoder-webm-vorbis: bf7c407c2cedff20999df2af8eb42d56 -> 
========================================================================
Received Import Request.
  path: Assets/Assets1/Scenes/mobil2.unity
  artifactKey: Guid(28c876457e4d8e6418ba56fd999012dd) Importer(815301076,1909f56bfc062723c751e8b465ee728b)
Start importing Assets/Assets1/Scenes/mobil2.unity using Guid(28c876457e4d8e6418ba56fd999012dd) Importer(815301076,1909f56bfc062723c751e8b465ee728b)  -> (artifact id: 'd6bdc70d354ef0e7cf392cd008dc2e5d') in 0.011277 seconds 
  Import took 0.013577 seconds .

========================================================================
Received Import Request.
  Time since last request: 20.884278 seconds.
  path: Assets/3DAssets/Bench.001.prefab
  artifactKey: Guid(02cf6959635985544a47c5de4d17ed21) Importer(815301076,1909f56bfc062723c751e8b465ee728b)
Start importing Assets/3DAssets/Bench.001.prefab using Guid(02cf6959635985544a47c5de4d17ed21) Importer(815301076,1909f56bfc062723c751e8b465ee728b)  -> (artifact id: 'dc00bc6dfe44d1433aa2b13f57e7ba33') in 0.078719 seconds 
  Import took 0.081169 seconds .

========================================================================
Received Import Request.
  Time since last request: 0.000140 seconds.
  path: Assets/3DAssets/Grass.006.prefab
  artifactKey: Guid(b941b4b5b7e275641992af49356c59dd) Importer(815301076,1909f56bfc062723c751e8b465ee728b)
Start importing Assets/3DAssets/Grass.006.prefab using Guid(b941b4b5b7e275641992af49356c59dd) Importer(815301076,1909f56bfc062723c751e8b465ee728b)  -> (artifact id: '398d9096b6e2d1a28af1f4a9ee0b5963') in 0.017025 seconds 
  Import took 0.019137 seconds .

========================================================================
Received Import Request.
  Time since last request: 0.000180 seconds.
  path: Assets/3DAssets/Table.001.prefab
  artifactKey: Guid(d4fe7e125e5fdd74f9d889d2bc0fdfdf) Importer(815301076,1909f56bfc062723c751e8b465ee728b)
Start importing Assets/3DAssets/Table.001.prefab using Guid(d4fe7e125e5fdd74f9d889d2bc0fdfdf) Importer(815301076,1909f56bfc062723c751e8b465ee728b)  -> (artifact id: '7a56af35648d3b469d3ac92d6ebde367') in 0.012987 seconds 
  Import took 0.015630 seconds .

========================================================================
Received Import Request.
  Time since last request: 0.000180 seconds.
  path: Assets/3DAssets/Tree.022.prefab
  artifactKey: Guid(855fbf12ceb47d84d9434e35ead5702d) Importer(815301076,1909f56bfc062723c751e8b465ee728b)
Start importing Assets/3DAssets/Tree.022.prefab using Guid(855fbf12ceb47d84d9434e35ead5702d) Importer(815301076,1909f56bfc062723c751e8b465ee728b)  -> (artifact id: 'd7a086647cfbea011fdefc917d7e09c3') in 0.012599 seconds 
  Import took 0.015543 seconds .

========================================================================
Received Import Request.
  Time since last request: 0.000155 seconds.
  path: Assets/3DAssets/Lowpoly_Notebook_2.fbx
  artifactKey: Guid(17813e373c247bb4f9c7a0e75cd6a9dd) Importer(815301076,1909f56bfc062723c751e8b465ee728b)
Start importing Assets/3DAssets/Lowpoly_Notebook_2.fbx using Guid(17813e373c247bb4f9c7a0e75cd6a9dd) Importer(815301076,1909f56bfc062723c751e8b465ee728b)  -> (artifact id: '9d01fe1d0b2dd0c9c900a1a0760eb62f') in 0.229898 seconds 
  Import took 0.232096 seconds .

========================================================================
Received Import Request.
  Time since last request: 0.000137 seconds.
  path: Assets/3DAssets/Lamp.008.prefab
  artifactKey: Guid(5b0054afb35d1194fbbab87cc240deb3) Importer(815301076,1909f56bfc062723c751e8b465ee728b)
Start importing Assets/3DAssets/Lamp.008.prefab using Guid(5b0054afb35d1194fbbab87cc240deb3) Importer(815301076,1909f56bfc062723c751e8b465ee728b)  -> (artifact id: 'd131b703f7e21f8ab1d1a1e868eabedf') in 0.012714 seconds 
  Import took 0.015114 seconds .

========================================================================
Received Import Request.
  Time since last request: 0.000162 seconds.
  path: Assets/3DAssets/Tree.001.prefab
  artifactKey: Guid(44c93f96797db604cbedbf8f2b047917) Importer(815301076,1909f56bfc062723c751e8b465ee728b)
Start importing Assets/3DAssets/Tree.001.prefab using Guid(44c93f96797db604cbedbf8f2b047917) Importer(815301076,1909f56bfc062723c751e8b465ee728b)  -> (artifact id: '54f9be695b9d13a0b9b028d1ba190dfe') in 0.012524 seconds 
  Import took 0.014821 seconds .

========================================================================
Received Import Request.
  Time since last request: 0.000146 seconds.
  path: Assets/3DAssets/Module Road.033.prefab
  artifactKey: Guid(25d94cdd394c3484da4fa146954b5bde) Importer(815301076,1909f56bfc062723c751e8b465ee728b)
Start importing Assets/3DAssets/Module Road.033.prefab using Guid(25d94cdd394c3484da4fa146954b5bde) Importer(815301076,1909f56bfc062723c751e8b465ee728b)  -> (artifact id: '71114f9326cc9984750e0b51b78b1158') in 0.012541 seconds 
  Import took 0.014762 seconds .

========================================================================
Received Import Request.
  Time since last request: 0.000195 seconds.
  path: Assets/3DAssets/Slide.001.prefab
  artifactKey: Guid(2af65f9c9e9d0bf4983bc1f4e2afff26) Importer(815301076,1909f56bfc062723c751e8b465ee728b)
Start importing Assets/3DAssets/Slide.001.prefab using Guid(2af65f9c9e9d0bf4983bc1f4e2afff26) Importer(815301076,1909f56bfc062723c751e8b465ee728b)  -> (artifact id: '78ada7aca322438e0e067f00263000c3') in 0.012625 seconds 
  Import took 0.015040 seconds .

========================================================================
Received Import Request.
  Time since last request: 0.000146 seconds.
  path: Assets/3DAssets/Module Road.030.prefab
  artifactKey: Guid(cf5df6474d792394aaf33c96e406606e) Importer(815301076,1909f56bfc062723c751e8b465ee728b)
Start importing Assets/3DAssets/Module Road.030.prefab using Guid(cf5df6474d792394aaf33c96e406606e) Importer(815301076,1909f56bfc062723c751e8b465ee728b)  -> (artifact id: '6908ba0540c126d540068ec601e062df') in 0.012570 seconds 
  Import took 0.014855 seconds .

========================================================================
Received Import Request.
  Time since last request: 0.000178 seconds.
  path: Assets/3DAssets/Swing.001.prefab
  artifactKey: Guid(22cb45f4b6b59e64d89ab72f18383cb7) Importer(815301076,1909f56bfc062723c751e8b465ee728b)
Start importing Assets/3DAssets/Swing.001.prefab using Guid(22cb45f4b6b59e64d89ab72f18383cb7) Importer(815301076,1909f56bfc062723c751e8b465ee728b)  -> (artifact id: 'afad44a669c5f202f88b9ae2e9318ec7') in 0.011866 seconds 
  Import took 0.014199 seconds .

========================================================================
Received Import Request.
  Time since last request: 0.000159 seconds.
  path: Assets/3DAssets/Trash can.005.prefab
  artifactKey: Guid(1877648b6fba318428e64b3e72acbe79) Importer(815301076,1909f56bfc062723c751e8b465ee728b)
Start importing Assets/3DAssets/Trash can.005.prefab using Guid(1877648b6fba318428e64b3e72acbe79) Importer(815301076,1909f56bfc062723c751e8b465ee728b)  -> (artifact id: '3bc54cb81d011971b2f21a362cffeec8') in 0.012984 seconds 
  Import took 0.015472 seconds .

========================================================================
Received Import Request.
  Time since last request: 0.000180 seconds.
  path: Assets/3DAssets/Flowerbed.027.prefab
  artifactKey: Guid(cffeba30349f5a448b56282dc8d2b1fd) Importer(815301076,1909f56bfc062723c751e8b465ee728b)
Start importing Assets/3DAssets/Flowerbed.027.prefab using Guid(cffeba30349f5a448b56282dc8d2b1fd) Importer(815301076,1909f56bfc062723c751e8b465ee728b)  -> (artifact id: '14e8b641057ccafdb0bf0e243b021b5e') in 0.015667 seconds 
  Import took 0.018142 seconds .

========================================================================
Received Import Request.
  Time since last request: 0.000149 seconds.
  path: Assets/3DAssets/Bench.004.prefab
  artifactKey: Guid(049aaf59f4fa5cb48982f625c7bc1f27) Importer(815301076,1909f56bfc062723c751e8b465ee728b)
Start importing Assets/3DAssets/Bench.004.prefab using Guid(049aaf59f4fa5cb48982f625c7bc1f27) Importer(815301076,1909f56bfc062723c751e8b465ee728b)  -> (artifact id: '561200d4eb694dfef1aef9f0f452cc00') in 0.013756 seconds 
  Import took 0.016020 seconds .

========================================================================
Received Import Request.
  Time since last request: 0.000146 seconds.
  path: Assets/3DAssets/Tree.046.prefab
  artifactKey: Guid(042bf10238fd8144fb66424e9fe4f45d) Importer(815301076,1909f56bfc062723c751e8b465ee728b)
Start importing Assets/3DAssets/Tree.046.prefab using Guid(042bf10238fd8144fb66424e9fe4f45d) Importer(815301076,1909f56bfc062723c751e8b465ee728b)  -> (artifact id: '2160c760d1fb568c928d278b95112df4') in 0.013974 seconds 
  Import took 0.016338 seconds .

========================================================================
Received Import Request.
  Time since last request: 0.000162 seconds.
  path: Assets/3DAssets/Office Chair.fbx
  artifactKey: Guid(823078e1a6be50e46aaae392ab520fe0) Importer(815301076,1909f56bfc062723c751e8b465ee728b)
Start importing Assets/3DAssets/Office Chair.fbx using Guid(823078e1a6be50e46aaae392ab520fe0) Importer(815301076,1909f56bfc062723c751e8b465ee728b)  -> (artifact id: 'ada26d9eb990a0fda3b15152f5761892') in 0.063057 seconds 
  Import took 0.065685 seconds .

========================================================================
Received Import Request.
  Time since last request: 0.000179 seconds.
  path: Assets/3DAssets/Lamp.005.prefab
  artifactKey: Guid(b947f022d51ebee4086ddac0553a5d24) Importer(815301076,1909f56bfc062723c751e8b465ee728b)
Start importing Assets/3DAssets/Lamp.005.prefab using Guid(b947f022d51ebee4086ddac0553a5d24) Importer(815301076,1909f56bfc062723c751e8b465ee728b)  -> (artifact id: 'fd7eeb9ede079a89499b63a7182c01cf') in 0.013911 seconds 
  Import took 0.016699 seconds .

========================================================================
Received Import Request.
  Time since last request: 0.899046 seconds.
  path: Assets/NewHospital.unity
  artifactKey: Guid(ab0d71d5239f2dd4288eb7bb7af340fc) Importer(815301076,1909f56bfc062723c751e8b465ee728b)
Start importing Assets/NewHospital.unity using Guid(ab0d71d5239f2dd4288eb7bb7af340fc) Importer(815301076,1909f56bfc062723c751e8b465ee728b)  -> (artifact id: '0114179920b52ff608e067446bd7cab1') in 0.002910 seconds 
  Import took 0.005395 seconds .

========================================================================
Received Import Request.
  Time since last request: 0.000544 seconds.
  path: Assets/NewHospital.unity
  artifactKey: Guid(ab0d71d5239f2dd4288eb7bb7af340fc) Importer(815301076,1909f56bfc062723c751e8b465ee728b)
Start importing Assets/NewHospital.unity using Guid(ab0d71d5239f2dd4288eb7bb7af340fc) Importer(815301076,1909f56bfc062723c751e8b465ee728b)  -> (artifact id: '0114179920b52ff608e067446bd7cab1') in 0.002538 seconds 
  Import took 0.004583 seconds .

AssetImportWorkerClient::OnTransportError - code=2 error=End of file
